This is pdfTeX, Version 3.141592653-2.6-1.40.26 (TeX Live 2024/Arch Linux) (preloaded format=pdflatex 2024.4.16)  20 APR 2024 20:55
entering extended mode
 restricted \write18 enabled.
 %&-line parsing enabled.
**/home/elon/.emacs.d/lisp/init-latex.el
(/home/elon/.emacs.d/lisp/init-latex.el
LaTeX2e <2023-11-01> patch level 1
L3 programming layer <2024-02-20>

! LaTeX Error: Missing \begin{document}.

See the LaTeX manual or LaTeX Companion for explanation.
Type  H <return>  for immediate help.
 ...                                              
                                                  
l.1 ;
     ;; init-latex.el -- latex settings -*-  lexical-binding: t -*-
? 
! Emergency stop.
 ...                                              
                                                  
l.1 ;
     ;; init-latex.el -- latex settings -*-  lexical-binding: t -*-
You're in trouble here.  Try typing  <return>  to proceed.
If that doesn't work, type  X <return>  to quit.

 
Here is how much of TeX's memory you used:
 19 strings out of 476065
 613 string characters out of 5793264
 1925187 words of memory out of 5000000
 22226 multiletter control sequences out of 15000+600000
 558069 words of font info for 36 fonts, out of 8000000 for 9000
 14 hyphenation exceptions out of 8191
 15i,0n,18p,137b,14s stack positions out of 10000i,1000n,20000p,200000b,200000s
!  ==> Fatal error occurred, no output PDF file produced!
